2021.11.14 19:17:36 Psr/Log/Logger.php Psr/Log/Logger
2021.11.14 19:17:36 1 pro/lib/Psr/Log/Logger.php
2021.11.14 19:20:43 Psr/Log/Logger.php Psr/Log/Logger
2021.11.14 19:20:43 1 pro/lib/Psr/Log/Logger.php
2021.11.14 19:21:48 Psr/Log/Logger.php Psr/Log/Logger
2021.11.14 19:21:48 1 pro/lib/Psr/Log/Logger.php
2021.11.14 19:23:35 Psr/Log/Logger.php Psr/Log/Logger
2021.11.14 19:23:35 1 pro/lib/Psr/Log/Logger.php
2021.11.14 19:42:35 Psr/Log/Logger.php Psr/Log/Logger
2021.11.14 19:42:35 1 pro/lib/Psr/Log/Logger.php
2021.11.14 19:42:39 Psr/Log/Logger.php Psr/Log/Logger
2021.11.14 19:42:39 1 pro/lib/Psr/Log/Logger.php
2021.11.14 19:44:03 Psr/Log/Logger.php Psr/Log/Logger
2021.11.14 19:44:03 1 pro/lib/Psr/Log/Logger.php
2021.11.14 19:49:58 Psr/Log/Logger.php Psr/Log/Logger
2021.11.14 19:49:58 1 pro/lib/Psr/Log/Logger.php
2021.11.14 19:51:06 Psr/Log/Logger.php Psr/Log/Logger
2021.11.14 19:51:06 1 pro/lib/Psr/Log/Logger.php
2021.11.14 19:51:12 Psr/Log/Logger.php Psr/Log/Logger
2021.11.14 19:51:12 1 pro/lib/Psr/Log/Logger.php
2021.11.14 20:00:44 Psr/Log/Logger.php Psr/Log/Logger
2021.11.14 20:00:44 1 pro/lib/Psr/Log/Logger.php
2021.11.14 20:01:40 Psr/Log/Logger.php Psr/Log/Logger
2021.11.14 20:01:40 1 pro/lib/Psr/Log/Logger.php
2021.11.14 20:03:55 Psr/Log/Logger.php Psr/Log/Logger
2021.11.14 20:03:55 1 pro/lib/Psr/Log/Logger.php
2021.11.14 20:04:21 Psr/Log/Logger.php Psr/Log/Logger
2021.11.14 20:04:21 1 pro/lib/Psr/Log/Logger.php
2021.11.14 20:04:41 Psr/Log/Logger.php Psr/Log/Logger
2021.11.14 20:04:41 1 pro/lib/Psr/Log/Logger.php
2021.11.14 20:04:55 Psr/Log/Logger.php Psr/Log/Logger
2021.11.14 20:04:55 1 pro/lib/Psr/Log/Logger.php
2021.11.14 20:04:55 pageModel.php pageModel
2021.11.14 20:04:55 A /mnt/owncloud/www.314.hu/www/hsh/pro/page/pageModel.php
2021.11.14 20:04:55 pageController.php pageController
2021.11.14 20:04:55 A /mnt/owncloud/www.314.hu/www/hsh/pro/page/pageController.php
2021.11.14 20:04:55 bony/AC.php bony/AC
2021.11.14 20:04:55 1 pro/lib/bony/AC.php
2021.11.14 20:04:55 bony/Validator.php bony/Validator
2021.11.14 20:04:55 1 pro/lib/bony/Validator.php
2021.11.14 20:04:55 bony/AccessValidators.php bony/AccessValidators
2021.11.14 20:04:55 1 pro/lib/bony/AccessValidators.php
2021.11.14 20:04:55 Psr/Log/Logger.php Psr/Log/Logger
2021.11.14 20:04:55 1 pro/lib/Psr/Log/Logger.php
2021.11.14 20:04:55 siteController.php siteController
2021.11.14 20:04:55 A /mnt/owncloud/www.314.hu/www/hsh/pro/site/siteController.php
2021.11.14 20:05:55 Psr/Log/Logger.php Psr/Log/Logger
2021.11.14 20:05:55 1 pro/lib/Psr/Log/Logger.php
2021.11.14 20:06:10 Psr/Log/Logger.php Psr/Log/Logger
2021.11.14 20:06:10 1 pro/lib/Psr/Log/Logger.php
2021.11.14 20:06:10 pageModel.php pageModel
2021.11.14 20:06:10 A /mnt/owncloud/www.314.hu/www/hsh/pro/page/pageModel.php
2021.11.14 20:06:10 pageController.php pageController
2021.11.14 20:06:10 A /mnt/owncloud/www.314.hu/www/hsh/pro/page/pageController.php
2021.11.14 20:06:10 bony/AC.php bony/AC
2021.11.14 20:06:10 1 pro/lib/bony/AC.php
2021.11.14 20:06:10 bony/Validator.php bony/Validator
2021.11.14 20:06:10 1 pro/lib/bony/Validator.php
2021.11.14 20:06:10 bony/AccessValidators.php bony/AccessValidators
2021.11.14 20:06:10 1 pro/lib/bony/AccessValidators.php
2021.11.14 20:06:10 Psr/Log/Logger.php Psr/Log/Logger
2021.11.14 20:06:10 1 pro/lib/Psr/Log/Logger.php
2021.11.14 20:06:10 siteController.php siteController
2021.11.14 20:06:10 A /mnt/owncloud/www.314.hu/www/hsh/pro/site/siteController.php
2021.11.14 20:06:35 Psr/Log/Logger.php Psr/Log/Logger
2021.11.14 20:06:35 1 pro/lib/Psr/Log/Logger.php
2021.11.14 20:06:35 pageModel.php pageModel
2021.11.14 20:06:35 A /mnt/owncloud/www.314.hu/www/hsh/pro/page/pageModel.php
2021.11.14 20:06:35 pageController.php pageController
2021.11.14 20:06:35 A /mnt/owncloud/www.314.hu/www/hsh/pro/page/pageController.php
2021.11.14 20:06:35 bony/AC.php bony/AC
2021.11.14 20:06:35 1 pro/lib/bony/AC.php
2021.11.14 20:06:35 bony/Validator.php bony/Validator
2021.11.14 20:06:35 1 pro/lib/bony/Validator.php
2021.11.14 20:06:35 bony/AccessValidators.php bony/AccessValidators
2021.11.14 20:06:35 1 pro/lib/bony/AccessValidators.php
2021.11.14 20:06:35 Psr/Log/Logger.php Psr/Log/Logger
2021.11.14 20:06:35 1 pro/lib/Psr/Log/Logger.php
2021.11.14 20:06:35 siteController.php siteController
2021.11.14 20:06:35 A /mnt/owncloud/www.314.hu/www/hsh/pro/site/siteController.php
2021.11.14 20:07:49 Psr/Log/Logger.php Psr/Log/Logger
2021.11.14 20:07:49 1 pro/lib/Psr/Log/Logger.php
2021.11.14 20:07:49 bony/resql.php bony/resql
2021.11.14 20:07:49 1 pro/lib/bony/resql.php
2021.11.14 20:07:49 pageModel.php pageModel
2021.11.14 20:07:49 A /mnt/owncloud/www.314.hu/www/hsh/pro/page/pageModel.php
2021.11.14 20:07:49 pageController.php pageController
2021.11.14 20:07:49 A /mnt/owncloud/www.314.hu/www/hsh/pro/page/pageController.php
2021.11.14 20:07:49 bony/AC.php bony/AC
2021.11.14 20:07:49 1 pro/lib/bony/AC.php
2021.11.14 20:07:49 bony/Validator.php bony/Validator
2021.11.14 20:07:49 1 pro/lib/bony/Validator.php
2021.11.14 20:07:49 bony/AccessValidators.php bony/AccessValidators
2021.11.14 20:07:49 1 pro/lib/bony/AccessValidators.php
2021.11.14 20:07:49 Psr/Log/Logger.php Psr/Log/Logger
2021.11.14 20:07:49 1 pro/lib/Psr/Log/Logger.php
2021.11.14 20:07:49 bony/resql.php bony/resql
2021.11.14 20:07:49 1 pro/lib/bony/resql.php
2021.11.14 20:07:49 siteController.php siteController
2021.11.14 20:07:49 A /mnt/owncloud/www.314.hu/www/hsh/pro/site/siteController.php
2021.11.14 20:07:53 Psr/Log/Logger.php Psr/Log/Logger
2021.11.14 20:07:53 1 pro/lib/Psr/Log/Logger.php
2021.11.14 20:07:53 bony/resql.php bony/resql
2021.11.14 20:07:53 1 pro/lib/bony/resql.php
2021.11.14 20:07:53 siteController.php siteController
2021.11.14 20:07:53 A /mnt/owncloud/www.314.hu/www/hsh/pro/site/siteController.php
2021.11.14 20:07:53 Psr/Log/Logger.php Psr/Log/Logger
2021.11.14 20:07:53 1 pro/lib/Psr/Log/Logger.php
2021.11.14 20:07:53 bony/resql.php bony/resql
2021.11.14 20:07:53 1 pro/lib/bony/resql.php
2021.11.14 20:07:53 pageModel.php pageModel
2021.11.14 20:07:53 A /mnt/owncloud/www.314.hu/www/hsh/pro/page/pageModel.php
2021.11.14 20:07:53 pageController.php pageController
2021.11.14 20:07:53 A /mnt/owncloud/www.314.hu/www/hsh/pro/page/pageController.php
2021.11.14 20:07:53 bony/AC.php bony/AC
2021.11.14 20:07:53 1 pro/lib/bony/AC.php
2021.11.14 20:07:53 bony/Validator.php bony/Validator
2021.11.14 20:07:53 1 pro/lib/bony/Validator.php
2021.11.14 20:07:53 bony/AccessValidators.php bony/AccessValidators
2021.11.14 20:07:53 1 pro/lib/bony/AccessValidators.php
2021.11.14 20:10:06 Psr/Log/Logger.php Psr/Log/Logger
2021.11.14 20:10:06 1 pro/lib/Psr/Log/Logger.php
2021.11.14 20:10:06 bony/resql.php bony/resql
2021.11.14 20:10:06 1 pro/lib/bony/resql.php
2021.11.14 20:10:06 pageModel.php pageModel
2021.11.14 20:10:06 A /mnt/owncloud/www.314.hu/www/hsh/pro/page/pageModel.php
2021.11.14 20:10:06 pageController.php pageController
2021.11.14 20:10:06 A /mnt/owncloud/www.314.hu/www/hsh/pro/page/pageController.php
2021.11.14 20:10:06 bony/AC.php bony/AC
2021.11.14 20:10:06 1 pro/lib/bony/AC.php
2021.11.14 20:10:06 bony/Validator.php bony/Validator
2021.11.14 20:10:06 1 pro/lib/bony/Validator.php
2021.11.14 20:10:06 bony/AccessValidators.php bony/AccessValidators
2021.11.14 20:10:06 1 pro/lib/bony/AccessValidators.php
2021.11.14 20:10:06 bony/Ulmenu.php bony/Ulmenu
2021.11.14 20:10:06 1 pro/lib/bony/Ulmenu.php
2021.11.14 21:06:46 Psr/Log/Logger.php Psr/Log/Logger
2021.11.14 21:06:46 1 pro/lib/Psr/Log/Logger.php
2021.11.14 21:06:46 bony/resql.php bony/resql
2021.11.14 21:06:46 1 pro/lib/bony/resql.php
2021.11.14 21:06:46 pageModel.php pageModel
2021.11.14 21:06:46 A /mnt/owncloud/www.314.hu/www/hsh/pro/page/pageModel.php
2021.11.14 21:06:46 pageController.php pageController
2021.11.14 21:06:46 A /mnt/owncloud/www.314.hu/www/hsh/pro/page/pageController.php
2021.11.14 21:06:46 bony/AC.php bony/AC
2021.11.14 21:06:46 1 pro/lib/bony/AC.php
2021.11.14 21:06:46 bony/Validator.php bony/Validator
2021.11.14 21:06:46 1 pro/lib/bony/Validator.php
2021.11.14 21:06:46 bony/AccessValidators.php bony/AccessValidators
2021.11.14 21:06:46 1 pro/lib/bony/AccessValidators.php
2021.11.14 21:06:46 Psr/Log/Logger.php Psr/Log/Logger
2021.11.14 21:06:46 1 pro/lib/Psr/Log/Logger.php
2021.11.14 21:06:46 siteController.php siteController
2021.11.14 21:06:46 A /mnt/owncloud/www.314.hu/www/hsh/pro/site/siteController.php
2021.11.14 21:06:48 Psr/Log/Logger.php Psr/Log/Logger
2021.11.14 21:06:48 1 pro/lib/Psr/Log/Logger.php
2021.11.14 21:06:48 siteController.php siteController
2021.11.14 21:06:48 A /mnt/owncloud/www.314.hu/www/hsh/pro/site/siteController.php
2021.11.14 21:06:48 bony/resql.php bony/resql
2021.11.14 21:06:48 1 pro/lib/bony/resql.php
2021.11.14 21:06:48 Psr/Log/Logger.php Psr/Log/Logger
2021.11.14 21:06:48 1 pro/lib/Psr/Log/Logger.php
2021.11.14 21:06:48 pageModel.php pageModel
2021.11.14 21:06:48 A /mnt/owncloud/www.314.hu/www/hsh/pro/page/pageModel.php
2021.11.14 21:06:48 pageController.php pageController
2021.11.14 21:06:48 A /mnt/owncloud/www.314.hu/www/hsh/pro/page/pageController.php
2021.11.14 21:06:48 bony/AC.php bony/AC
2021.11.14 21:06:48 1 pro/lib/bony/AC.php
2021.11.14 21:06:48 bony/Validator.php bony/Validator
2021.11.14 21:06:48 1 pro/lib/bony/Validator.php
2021.11.14 21:06:48 bony/AccessValidators.php bony/AccessValidators
2021.11.14 21:06:48 1 pro/lib/bony/AccessValidators.php
2021.11.14 21:06:48 bony/Ulmenu.php bony/Ulmenu
2021.11.14 21:06:48 1 pro/lib/bony/Ulmenu.php
2021.11.14 21:13:49 Psr/Log/Logger.php Psr/Log/Logger
2021.11.14 21:13:49 1 pro/lib/Psr/Log/Logger.php
2021.11.14 21:13:49 pageModel.php pageModel
2021.11.14 21:13:49 A /mnt/owncloud/www.314.hu/www/hsh/pro/page/pageModel.php
2021.11.14 21:13:49 pageController.php pageController
2021.11.14 21:13:49 A /mnt/owncloud/www.314.hu/www/hsh/pro/page/pageController.php
2021.11.14 21:13:49 bony/AC.php bony/AC
2021.11.14 21:13:49 1 pro/lib/bony/AC.php
2021.11.14 21:13:49 bony/Validator.php bony/Validator
2021.11.14 21:13:49 1 pro/lib/bony/Validator.php
2021.11.14 21:13:49 bony/AccessValidators.php bony/AccessValidators
2021.11.14 21:13:49 1 pro/lib/bony/AccessValidators.php
2021.11.14 21:13:49 bony/Ulmenu.php bony/Ulmenu
2021.11.14 21:13:49 1 pro/lib/bony/Ulmenu.php
2021.11.14 21:13:51 Psr/Log/Logger.php Psr/Log/Logger
2021.11.14 21:13:51 1 pro/lib/Psr/Log/Logger.php
2021.11.14 21:13:51 pageModel.php pageModel
2021.11.14 21:13:51 A /mnt/owncloud/www.314.hu/www/hsh/pro/page/pageModel.php
2021.11.14 21:13:51 pageController.php pageController
2021.11.14 21:13:51 A /mnt/owncloud/www.314.hu/www/hsh/pro/page/pageController.php
2021.11.14 21:13:51 bony/AC.php bony/AC
2021.11.14 21:13:51 1 pro/lib/bony/AC.php
2021.11.14 21:13:51 bony/Validator.php bony/Validator
2021.11.14 21:13:51 1 pro/lib/bony/Validator.php
2021.11.14 21:13:51 bony/AccessValidators.php bony/AccessValidators
2021.11.14 21:13:51 1 pro/lib/bony/AccessValidators.php
2021.11.14 21:13:51 bony/Ulmenu.php bony/Ulmenu
2021.11.14 21:13:51 1 pro/lib/bony/Ulmenu.php
2021.11.14 21:14:00 Psr/Log/Logger.php Psr/Log/Logger
2021.11.14 21:14:00 1 pro/lib/Psr/Log/Logger.php
2021.11.14 21:14:00 pageModel.php pageModel
2021.11.14 21:14:00 A /mnt/owncloud/www.314.hu/www/hsh/pro/page/pageModel.php
2021.11.14 21:14:00 pageController.php pageController
2021.11.14 21:14:00 A /mnt/owncloud/www.314.hu/www/hsh/pro/page/pageController.php
2021.11.14 21:14:00 bony/AC.php bony/AC
2021.11.14 21:14:00 1 pro/lib/bony/AC.php
2021.11.14 21:14:00 bony/Validator.php bony/Validator
2021.11.14 21:14:00 1 pro/lib/bony/Validator.php
2021.11.14 21:14:00 bony/AccessValidators.php bony/AccessValidators
2021.11.14 21:14:00 1 pro/lib/bony/AccessValidators.php
2021.11.14 21:14:00 bony/Ulmenu.php bony/Ulmenu
2021.11.14 21:14:00 1 pro/lib/bony/Ulmenu.php
2021.11.14 21:14:03 Psr/Log/Logger.php Psr/Log/Logger
2021.11.14 21:14:03 1 pro/lib/Psr/Log/Logger.php
2021.11.14 21:14:03 pageModel.php pageModel
2021.11.14 21:14:03 A /mnt/owncloud/www.314.hu/www/hsh/pro/page/pageModel.php
2021.11.14 21:14:03 pageController.php pageController
2021.11.14 21:14:03 A /mnt/owncloud/www.314.hu/www/hsh/pro/page/pageController.php
2021.11.14 21:14:03 bony/AC.php bony/AC
2021.11.14 21:14:03 1 pro/lib/bony/AC.php
2021.11.14 21:14:03 bony/Validator.php bony/Validator
2021.11.14 21:14:03 1 pro/lib/bony/Validator.php
2021.11.14 21:14:03 bony/AccessValidators.php bony/AccessValidators
2021.11.14 21:14:03 1 pro/lib/bony/AccessValidators.php
2021.11.14 21:14:03 bony/Ulmenu.php bony/Ulmenu
2021.11.14 21:14:03 1 pro/lib/bony/Ulmenu.php
2021.11.14 21:21:07 Psr/Log/Logger.php Psr/Log/Logger
2021.11.14 21:21:07 1 pro/lib/Psr/Log/Logger.php
2021.11.14 21:21:07 pageModel.php pageModel
2021.11.14 21:21:07 A /mnt/owncloud/www.314.hu/www/hsh/pro/page/pageModel.php
2021.11.14 21:21:07 pageController.php pageController
2021.11.14 21:21:07 A /mnt/owncloud/www.314.hu/www/hsh/pro/page/pageController.php
2021.11.14 21:21:07 bony/AC.php bony/AC
2021.11.14 21:21:07 1 pro/lib/bony/AC.php
2021.11.14 21:21:07 bony/Validator.php bony/Validator
2021.11.14 21:21:07 1 pro/lib/bony/Validator.php
2021.11.14 21:21:07 bony/AccessValidators.php bony/AccessValidators
2021.11.14 21:21:07 1 pro/lib/bony/AccessValidators.php
2021.11.14 21:21:07 bony/Ulmenu.php bony/Ulmenu
2021.11.14 21:21:07 1 pro/lib/bony/Ulmenu.php
2021.11.14 21:21:08 Psr/Log/Logger.php Psr/Log/Logger
2021.11.14 21:21:08 1 pro/lib/Psr/Log/Logger.php
2021.11.14 21:21:08 pageModel.php pageModel
2021.11.14 21:21:08 A /mnt/owncloud/www.314.hu/www/hsh/pro/page/pageModel.php
2021.11.14 21:21:08 pageController.php pageController
2021.11.14 21:21:08 A /mnt/owncloud/www.314.hu/www/hsh/pro/page/pageController.php
2021.11.14 21:21:08 bony/AC.php bony/AC
2021.11.14 21:21:08 1 pro/lib/bony/AC.php
2021.11.14 21:21:08 bony/Validator.php bony/Validator
2021.11.14 21:21:08 1 pro/lib/bony/Validator.php
2021.11.14 21:21:08 bony/AccessValidators.php bony/AccessValidators
2021.11.14 21:21:08 1 pro/lib/bony/AccessValidators.php
2021.11.14 21:21:08 bony/Ulmenu.php bony/Ulmenu
2021.11.14 21:21:08 1 pro/lib/bony/Ulmenu.php
2021.11.14 21:22:14 Psr/Log/Logger.php Psr/Log/Logger
2021.11.14 21:22:14 1 pro/lib/Psr/Log/Logger.php
2021.11.14 21:22:14 pageModel.php pageModel
2021.11.14 21:22:14 A /mnt/owncloud/www.314.hu/www/hsh/pro/page/pageModel.php
2021.11.14 21:22:14 pageController.php pageController
2021.11.14 21:22:14 A /mnt/owncloud/www.314.hu/www/hsh/pro/page/pageController.php
2021.11.14 21:22:14 bony/AC.php bony/AC
2021.11.14 21:22:14 1 pro/lib/bony/AC.php
2021.11.14 21:22:14 bony/Validator.php bony/Validator
2021.11.14 21:22:14 1 pro/lib/bony/Validator.php
2021.11.14 21:22:14 bony/AccessValidators.php bony/AccessValidators
2021.11.14 21:22:14 1 pro/lib/bony/AccessValidators.php
2021.11.14 21:22:14 bony/Ulmenu.php bony/Ulmenu
2021.11.14 21:22:14 1 pro/lib/bony/Ulmenu.php
2021.11.14 21:22:16 Psr/Log/Logger.php Psr/Log/Logger
2021.11.14 21:22:16 1 pro/lib/Psr/Log/Logger.php
2021.11.14 21:22:16 pageModel.php pageModel
2021.11.14 21:22:16 A /mnt/owncloud/www.314.hu/www/hsh/pro/page/pageModel.php
2021.11.14 21:22:16 pageController.php pageController
2021.11.14 21:22:16 A /mnt/owncloud/www.314.hu/www/hsh/pro/page/pageController.php
2021.11.14 21:22:16 bony/AC.php bony/AC
2021.11.14 21:22:16 1 pro/lib/bony/AC.php
2021.11.14 21:22:16 bony/Validator.php bony/Validator
2021.11.14 21:22:16 1 pro/lib/bony/Validator.php
2021.11.14 21:22:16 bony/AccessValidators.php bony/AccessValidators
2021.11.14 21:22:16 1 pro/lib/bony/AccessValidators.php
2021.11.14 21:22:16 bony/Ulmenu.php bony/Ulmenu
2021.11.14 21:22:16 1 pro/lib/bony/Ulmenu.php
2021.11.14 21:22:47 Psr/Log/Logger.php Psr/Log/Logger
2021.11.14 21:22:47 1 pro/lib/Psr/Log/Logger.php
2021.11.14 21:22:47 pageModel.php pageModel
2021.11.14 21:22:47 A /mnt/owncloud/www.314.hu/www/hsh/pro/page/pageModel.php
2021.11.14 21:22:47 pageController.php pageController
2021.11.14 21:22:47 A /mnt/owncloud/www.314.hu/www/hsh/pro/page/pageController.php
2021.11.14 21:22:47 bony/AC.php bony/AC
2021.11.14 21:22:47 1 pro/lib/bony/AC.php
2021.11.14 21:22:47 bony/Validator.php bony/Validator
2021.11.14 21:22:47 1 pro/lib/bony/Validator.php
2021.11.14 21:22:47 bony/AccessValidators.php bony/AccessValidators
2021.11.14 21:22:47 1 pro/lib/bony/AccessValidators.php
2021.11.14 21:22:47 bony/Ulmenu.php bony/Ulmenu
2021.11.14 21:22:47 1 pro/lib/bony/Ulmenu.php
2021.11.14 21:22:49 Psr/Log/Logger.php Psr/Log/Logger
2021.11.14 21:22:49 1 pro/lib/Psr/Log/Logger.php
2021.11.14 21:22:49 pageModel.php pageModel
2021.11.14 21:22:49 A /mnt/owncloud/www.314.hu/www/hsh/pro/page/pageModel.php
2021.11.14 21:22:49 pageController.php pageController
2021.11.14 21:22:49 A /mnt/owncloud/www.314.hu/www/hsh/pro/page/pageController.php
2021.11.14 21:22:49 bony/AC.php bony/AC
2021.11.14 21:22:49 1 pro/lib/bony/AC.php
2021.11.14 21:22:49 bony/Validator.php bony/Validator
2021.11.14 21:22:49 1 pro/lib/bony/Validator.php
2021.11.14 21:22:49 bony/AccessValidators.php bony/AccessValidators
2021.11.14 21:22:49 1 pro/lib/bony/AccessValidators.php
2021.11.14 21:22:49 bony/Ulmenu.php bony/Ulmenu
2021.11.14 21:22:49 1 pro/lib/bony/Ulmenu.php
2021.11.14 21:24:12 Psr/Log/Logger.php Psr/Log/Logger
2021.11.14 21:24:12 1 pro/lib/Psr/Log/Logger.php
2021.11.14 21:24:12 pageModel.php pageModel
2021.11.14 21:24:12 A /mnt/owncloud/www.314.hu/www/hsh/pro/page/pageModel.php
2021.11.14 21:24:12 pageController.php pageController
2021.11.14 21:24:12 A /mnt/owncloud/www.314.hu/www/hsh/pro/page/pageController.php
2021.11.14 21:24:12 bony/AC.php bony/AC
2021.11.14 21:24:12 1 pro/lib/bony/AC.php
2021.11.14 21:24:12 bony/Validator.php bony/Validator
2021.11.14 21:24:12 1 pro/lib/bony/Validator.php
2021.11.14 21:24:12 bony/AccessValidators.php bony/AccessValidators
2021.11.14 21:24:12 1 pro/lib/bony/AccessValidators.php
2021.11.14 21:24:12 bony/Ulmenu.php bony/Ulmenu
2021.11.14 21:24:12 1 pro/lib/bony/Ulmenu.php
2021.11.14 21:24:14 Psr/Log/Logger.php Psr/Log/Logger
2021.11.14 21:24:14 1 pro/lib/Psr/Log/Logger.php
2021.11.14 21:24:14 pageModel.php pageModel
2021.11.14 21:24:14 A /mnt/owncloud/www.314.hu/www/hsh/pro/page/pageModel.php
2021.11.14 21:24:14 pageController.php pageController
2021.11.14 21:24:14 A /mnt/owncloud/www.314.hu/www/hsh/pro/page/pageController.php
2021.11.14 21:24:14 bony/AC.php bony/AC
2021.11.14 21:24:14 1 pro/lib/bony/AC.php
2021.11.14 21:24:14 bony/Validator.php bony/Validator
2021.11.14 21:24:14 1 pro/lib/bony/Validator.php
2021.11.14 21:24:14 bony/AccessValidators.php bony/AccessValidators
2021.11.14 21:24:14 1 pro/lib/bony/AccessValidators.php
2021.11.14 21:24:14 bony/Ulmenu.php bony/Ulmenu
2021.11.14 21:24:14 1 pro/lib/bony/Ulmenu.php
2021.11.14 21:24:36 Psr/Log/Logger.php Psr/Log/Logger
2021.11.14 21:24:36 1 pro/lib/Psr/Log/Logger.php
2021.11.14 21:24:36 pageModel.php pageModel
2021.11.14 21:24:36 A /mnt/owncloud/www.314.hu/www/hsh/pro/page/pageModel.php
2021.11.14 21:24:36 pageController.php pageController
2021.11.14 21:24:36 A /mnt/owncloud/www.314.hu/www/hsh/pro/page/pageController.php
2021.11.14 21:24:36 bony/AC.php bony/AC
2021.11.14 21:24:36 1 pro/lib/bony/AC.php
2021.11.14 21:24:36 bony/Validator.php bony/Validator
2021.11.14 21:24:36 1 pro/lib/bony/Validator.php
2021.11.14 21:24:36 bony/AccessValidators.php bony/AccessValidators
2021.11.14 21:24:36 1 pro/lib/bony/AccessValidators.php
2021.11.14 21:24:36 bony/Ulmenu.php bony/Ulmenu
2021.11.14 21:24:36 1 pro/lib/bony/Ulmenu.php
2021.11.14 21:24:37 Psr/Log/Logger.php Psr/Log/Logger
2021.11.14 21:24:37 1 pro/lib/Psr/Log/Logger.php
2021.11.14 21:24:37 pageModel.php pageModel
2021.11.14 21:24:37 A /mnt/owncloud/www.314.hu/www/hsh/pro/page/pageModel.php
2021.11.14 21:24:37 pageController.php pageController
2021.11.14 21:24:37 A /mnt/owncloud/www.314.hu/www/hsh/pro/page/pageController.php
2021.11.14 21:24:37 bony/AC.php bony/AC
2021.11.14 21:24:37 1 pro/lib/bony/AC.php
2021.11.14 21:24:37 bony/Validator.php bony/Validator
2021.11.14 21:24:37 1 pro/lib/bony/Validator.php
2021.11.14 21:24:37 bony/AccessValidators.php bony/AccessValidators
2021.11.14 21:24:37 1 pro/lib/bony/AccessValidators.php
2021.11.14 21:24:37 bony/Ulmenu.php bony/Ulmenu
2021.11.14 21:24:37 1 pro/lib/bony/Ulmenu.php
2021.11.14 21:24:59 Psr/Log/Logger.php Psr/Log/Logger
2021.11.14 21:24:59 1 pro/lib/Psr/Log/Logger.php
2021.11.14 21:24:59 pageModel.php pageModel
2021.11.14 21:24:59 A /mnt/owncloud/www.314.hu/www/hsh/pro/page/pageModel.php
2021.11.14 21:24:59 pageController.php pageController
2021.11.14 21:24:59 A /mnt/owncloud/www.314.hu/www/hsh/pro/page/pageController.php
2021.11.14 21:24:59 bony/AC.php bony/AC
2021.11.14 21:24:59 1 pro/lib/bony/AC.php
2021.11.14 21:24:59 bony/Validator.php bony/Validator
2021.11.14 21:24:59 1 pro/lib/bony/Validator.php
2021.11.14 21:24:59 bony/AccessValidators.php bony/AccessValidators
2021.11.14 21:24:59 1 pro/lib/bony/AccessValidators.php
2021.11.14 21:24:59 bony/Ulmenu.php bony/Ulmenu
2021.11.14 21:24:59 1 pro/lib/bony/Ulmenu.php
2021.11.14 21:25:00 Psr/Log/Logger.php Psr/Log/Logger
2021.11.14 21:25:00 1 pro/lib/Psr/Log/Logger.php
2021.11.14 21:25:00 pageModel.php pageModel
2021.11.14 21:25:00 A /mnt/owncloud/www.314.hu/www/hsh/pro/page/pageModel.php
2021.11.14 21:25:00 pageController.php pageController
2021.11.14 21:25:00 A /mnt/owncloud/www.314.hu/www/hsh/pro/page/pageController.php
2021.11.14 21:25:00 bony/AC.php bony/AC
2021.11.14 21:25:00 1 pro/lib/bony/AC.php
2021.11.14 21:25:00 bony/Validator.php bony/Validator
2021.11.14 21:25:00 1 pro/lib/bony/Validator.php
2021.11.14 21:25:00 bony/AccessValidators.php bony/AccessValidators
2021.11.14 21:25:00 1 pro/lib/bony/AccessValidators.php
2021.11.14 21:25:00 bony/Ulmenu.php bony/Ulmenu
2021.11.14 21:25:00 1 pro/lib/bony/Ulmenu.php
2021.11.14 21:26:00 Psr/Log/Logger.php Psr/Log/Logger
2021.11.14 21:26:00 1 pro/lib/Psr/Log/Logger.php
2021.11.14 21:26:00 pageModel.php pageModel
2021.11.14 21:26:00 A /mnt/owncloud/www.314.hu/www/hsh/pro/page/pageModel.php
2021.11.14 21:26:00 pageController.php pageController
2021.11.14 21:26:00 A /mnt/owncloud/www.314.hu/www/hsh/pro/page/pageController.php
2021.11.14 21:26:00 bony/AC.php bony/AC
2021.11.14 21:26:00 1 pro/lib/bony/AC.php
2021.11.14 21:26:00 bony/Validator.php bony/Validator
2021.11.14 21:26:00 1 pro/lib/bony/Validator.php
2021.11.14 21:26:00 bony/AccessValidators.php bony/AccessValidators
2021.11.14 21:26:00 1 pro/lib/bony/AccessValidators.php
2021.11.14 21:26:00 bony/Ulmenu.php bony/Ulmenu
2021.11.14 21:26:00 1 pro/lib/bony/Ulmenu.php
2021.11.14 21:26:01 Psr/Log/Logger.php Psr/Log/Logger
2021.11.14 21:26:01 1 pro/lib/Psr/Log/Logger.php
2021.11.14 21:26:01 pageModel.php pageModel
2021.11.14 21:26:01 A /mnt/owncloud/www.314.hu/www/hsh/pro/page/pageModel.php
2021.11.14 21:26:01 pageController.php pageController
2021.11.14 21:26:01 A /mnt/owncloud/www.314.hu/www/hsh/pro/page/pageController.php
2021.11.14 21:26:01 bony/AC.php bony/AC
2021.11.14 21:26:01 1 pro/lib/bony/AC.php
2021.11.14 21:26:01 bony/Validator.php bony/Validator
2021.11.14 21:26:01 1 pro/lib/bony/Validator.php
2021.11.14 21:26:01 bony/AccessValidators.php bony/AccessValidators
2021.11.14 21:26:01 1 pro/lib/bony/AccessValidators.php
2021.11.14 21:26:02 bony/Ulmenu.php bony/Ulmenu
2021.11.14 21:26:02 1 pro/lib/bony/Ulmenu.php
2021.11.14 21:26:04 Psr/Log/Logger.php Psr/Log/Logger
2021.11.14 21:26:04 1 pro/lib/Psr/Log/Logger.php
2021.11.14 21:26:04 pageModel.php pageModel
2021.11.14 21:26:04 A /mnt/owncloud/www.314.hu/www/hsh/pro/page/pageModel.php
2021.11.14 21:26:04 pageController.php pageController
2021.11.14 21:26:04 A /mnt/owncloud/www.314.hu/www/hsh/pro/page/pageController.php
2021.11.14 21:26:04 bony/AC.php bony/AC
2021.11.14 21:26:04 1 pro/lib/bony/AC.php
2021.11.14 21:26:04 bony/Validator.php bony/Validator
2021.11.14 21:26:04 1 pro/lib/bony/Validator.php
2021.11.14 21:26:04 bony/AccessValidators.php bony/AccessValidators
2021.11.14 21:26:04 1 pro/lib/bony/AccessValidators.php
2021.11.14 21:26:04 bony/Ulmenu.php bony/Ulmenu
2021.11.14 21:26:04 1 pro/lib/bony/Ulmenu.php
